#
# A fatal error has been detected by the Java Runtime Environment:
#
#  EXCEPTION_ACCESS_VIOLATION (0xc0000005) at pc=0x000000000fb8186a, pid=5344, tid=5564
#
# JRE version: 6.0_17-b04
# Java VM: Java HotSpot(TM) 64-Bit Server VM (14.3-b01 mixed mode windows-amd64 )
# Problematic frame:
# C  0x000000000fb8186a
#
# If you would like to submit a bug report, please visit:
#   http://java.sun.com/webapps/bugreport/crash.jsp
# The crash happened outside the Java Virtual Machine in native code.
# See problematic frame for where to report the bug.
#

---------------  T H R E A D  ---------------

Current thread (0x000000000eb1c000):  JavaThread "Main message loop" daemon [_thread_in_native, id=5564, stack(0x0000000057100000,0x0000000057180000)]

siginfo: ExceptionCode=0xc0000005, reading address 0x0000000000000000

Registers:
EAX=0x0000000056f921b8, EBX=0x000000007de225f0, ECX=0x0000000000000000, EDX=0x0000000056f88d20
ESP=0x000000005716e150, EBP=0x0000000080040104, ESI=0x0000000057175f58, EDI=0x0000000056f88d58
EIP=0x000000000fb8186a, EFLAGS=0x0000000000010297

Top of Stack: (sp=0x000000005716e150)
0x000000005716e150:   000000007de225f0 0000000080040104
0x000000005716e160:   000000007de225f0 0000000056f88d58
0x000000005716e170:   0000000000000030 0000000056958288
0x000000005716e180:   0000000056958618 000000005717f110
0x000000005716e190:   000000005716e290 000000005716e4a0
0x000000005716e1a0:   0000000000000004 0000000056958270
0x000000005716e1b0:   0000000056f887b0 000000005716e4d0
0x000000005716e1c0:   000000005613f2e0 0000000000014ad6
0x000000005716e1d0:   0000000078a65cf0 0000000056f50080
0x000000005716e1e0:   0000000000000004 0000000056f50274
0x000000005716e1f0:   0000000056f50560 00000000293a8020
0x000000005716e200:   0000000056958278 0000000078a66215
0x000000005716e210:   0000000078a65cf0 0000000078a755b3
0x000000005716e220:   0000000000000110 0000000000000000
0x000000005716e230:   000000005716e158 000000005716e198
0x000000005716e240:   000000005716e221 0000000800000004 

Instructions: (pc=0x000000000fb8186a)
0x000000000fb8185a:   83 c0 08 83 38 02 7f 0d 48 8b 8c 24 90 7d 00 00
0x000000000fb8186a:   48 8b 01 eb 66 83 38 03 75 0e 48 8b 8c 24 90 7d 


Stack: [0x0000000057100000,0x0000000057180000],  sp=0x000000005716e150,  free space=440k
Native frames: (J=compiled Java code, j=interpreted, Vv=VM code, C=native code)
C  0x000000000fb8186a

Java frames: (J=compiled Java code, j=interpreted, Vv=VM code)
j  com.jniwrapper.Function.invokeCFunc(JJB[BII[II)I+0
J  com.jniwrapper.FunctionCall.a(ZJJJIBLcom/jniwrapper/Parameter;[Lcom/jniwrapper/Parameter;)J
j  com.jniwrapper.FunctionCall.call(JJBLcom/jniwrapper/Parameter;[Lcom/jniwrapper/Parameter;)J+11
j  com.jniwrapper.Function.invoke(Lcom/jniwrapper/Parameter;[Lcom/jniwrapper/Parameter;)J+24
j  com.jniwrapper.Function.invoke(Lcom/jniwrapper/Parameter;Lcom/jniwrapper/Parameter;)J+10
j  com.jniwrapper.win32.MessageLoopThread$LoopThread.run()V+299
v  ~StubRoutines::call_stub

---------------  P R O C E S S  ---------------

Java Threads: ( => current thread )
  0x000000000eb13000 JavaThread "Timer-150" daemon [_thread_blocked, id=5216, stack(0x0000000025cd0000,0x0000000025d50000)]
=>0x000000000eb1c000 JavaThread "Main message loop" daemon [_thread_in_native, id=5564, stack(0x0000000057100000,0x0000000057180000)]
  0x000000000eb17000 JavaThread "com.jniwrapper.NativeResourceCollector" daemon [_thread_blocked, id=7996, stack(0x0000000057060000,0x00000000570e0000)]
  0x000000000eb12000 JavaThread "Prefs Updater" daemon [_thread_blocked, id=6128, stack(0x0000000048b00000,0x0000000048b80000)]
  0x000000000eb1c800 JavaThread "Swing-Shell" daemon [_thread_blocked, id=7648, stack(0x0000000025700000,0x0000000025780000)]
  0x000000000eb1a800 JavaThread "Code Analyzer updating thread" [_thread_blocked, id=3832, stack(0x0000000044a50000,0x0000000044ad0000)]
  0x000000000eb18800 JavaThread "Code Analyzer updating thread" [_thread_blocked, id=6924, stack(0x0000000050cf0000,0x0000000050d70000)]
  0x000000000eb17800 JavaThread "Active Reference Queue Daemon" daemon [_thread_blocked, id=8116, stack(0x00000000648e0000,0x0000000064960000)]
  0x000000000eb1a000 JavaThread "Timer-9" daemon [_thread_blocked, id=7992, stack(0x000000005b9f0000,0x000000005ba70000)]
  0x000000000eb19000 JavaThread "Timer-8" daemon [_thread_blocked, id=4748, stack(0x000000005bb00000,0x000000005bb80000)]
  0x000000000eb16000 JavaThread "Explorer NavigationContext request queue" [_thread_blocked, id=4652, stack(0x0000000057190000,0x0000000057210000)]
  0x000000000eb14800 JavaThread "AddressBar directory emptiness poller" [_thread_blocked, id=6624, stack(0x000000005b8d0000,0x000000005b950000)]
  0x000000000eb14000 JavaThread "Explorer Refresh Service 880282357" [_thread_blocked, id=1304, stack(0x0000000057210000,0x0000000057290000)]
  0x000000000eb12800 JavaThread "Timer-1" daemon [_thread_blocked, id=5792, stack(0x00000000252a0000,0x0000000025320000)]
  0x000000000eb11000 JavaThread "TimerQueue" daemon [_thread_blocked, id=7980, stack(0x000000000e1f0000,0x000000000e270000)]
  0x000000000eb10800 JavaThread "Thread-5" daemon [_thread_blocked, id=5772, stack(0x000000000f8a0000,0x000000000f920000)]
  0x000000000eb0f800 JavaThread "AWT-EventQueue-0" [_thread_blocked, id=2164, stack(0x000000000f6a0000,0x000000000f720000)]
  0x000000000eb0f000 JavaThread "AWT-Shutdown" [_thread_blocked, id=5484, stack(0x000000000f7e0000,0x000000000f860000)]
  0x000000000eb0e000 JavaThread "FelixPackageAdmin" daemon [_thread_blocked, id=5624, stack(0x000000000fbb0000,0x000000000fc30000)]
  0x0000000055231800 JavaThread "FelixStartLevel" daemon [_thread_blocked, id=6904, stack(0x000000000f610000,0x000000000f690000)]
  0x000000005539b800 JavaThread "FelixDispatchQueue" daemon [_thread_blocked, id=8124, stack(0x000000000f420000,0x000000000f4a0000)]
  0x000000000eecb000 JavaThread "com.google.common.base.internal.Finalizer" daemon [_thread_blocked, id=804, stack(0x000000000ca60000,0x000000000cae0000)]
  0x000000005508f800 JavaThread "AWT-Windows" daemon [_thread_in_native, id=6404, stack(0x000000000f3a0000,0x000000000f420000)]
  0x0000000055087000 JavaThread "Java2D Disposer" daemon [_thread_blocked, id=8000, stack(0x000000000e0d0000,0x000000000e150000)]
  0x0000000054dac800 JavaThread "Timer-0" [_thread_blocked, id=7424, stack(0x000000000f2c0000,0x000000000f340000)]
  0x000000000f116000 JavaThread "EventMgr Dispatcher" daemon [_thread_in_native, id=7976, stack(0x0000000008830000,0x000000000c830000)]
  0x00000000085e6800 JavaThread "Low Memory Detector" daemon [_thread_blocked, id=4700, stack(0x000000000e380000,0x000000000e400000)]
  0x00000000085e4000 JavaThread "CompilerThread1" daemon [_thread_blocked, id=1256, stack(0x000000005d910000,0x0000000061910000)]
  0x00000000085d6000 JavaThread "CompilerThread0" daemon [_thread_blocked, id=3764, stack(0x0000000057830000,0x000000005b830000)]
  0x000000000858f000 JavaThread "Attach Listener" daemon [_thread_blocked, id=7668, stack(0x000000000e280000,0x000000000e300000)]
  0x000000000857b800 JavaThread "Finalizer" daemon [_thread_blocked, id=6608, stack(0x000000000e040000,0x000000000e0c0000)]
  0x0000000005b9c800 JavaThread "Reference Handler" daemon [_thread_blocked, id=5664, stack(0x000000000e170000,0x000000000e1f0000)]
  0x0000000005c7f800 JavaThread "main" [_thread_in_native, id=3760, stack(0x00000000001c0000,0x00000000041c0000)]

Other Threads:
  0x0000000008573000 VMThread [stack: 0x0000000050d70000,0x0000000054d70000] [id=7828]
  0x0000000008611800 WatcherThread [stack: 0x0000000065460000,0x0000000069460000] [id=6380]

VM state:not at safepoint (normal execution)

VM Mutex/Monitor currently owned by a thread: None

Heap
 PSYoungGen      total 45824K, used 18822K [0x000000003d670000, 0x0000000040770000, 0x0000000040770000)
  eden space 42112K, 37% used [0x000000003d670000,0x000000003e5f0698,0x000000003ff90000)
  from space 3712K, 79% used [0x00000000403d0000,0x00000000406b11f8,0x0000000040770000)
  to   space 4032K, 0% used [0x000000003ff90000,0x000000003ff90000,0x0000000040380000)
 PSOldGen        total 74304K, used 61445K [0x0000000034370000, 0x0000000038c00000, 0x000000003d670000)
  object space 74304K, 82% used [0x0000000034370000,0x0000000037f71528,0x0000000038c00000)
 PSPermGen       total 123904K, used 75900K [0x000000002c370000, 0x0000000033c70000, 0x0000000034370000)
  object space 123904K, 61% used [0x000000002c370000,0x0000000030d8f278,0x0000000033c70000)

Dynamic libraries:
0x000000013fbb0000 - 0x000000013fbdd000 	C:\MATLAB\R2012b\bin\win64\MATLAB.exe
0x00000000771d0000 - 0x0000000077379000 	D:\windows\SYSTEM32\ntdll.dll
0x0000000076d00000 - 0x0000000076e1f000 	D:\windows\system32\kernel32.dll
0x000007fefd950000 - 0x000007fefd9bb000 	D:\windows\system32\KERNELBASE.dll
0x0000000074460000 - 0x000000007451f000 	C:\MATLAB\R2012b\bin\win64\libut.dll
0x00000000758a0000 - 0x000000007595c000 	C:\MATLAB\R2012b\bin\win64\libmwi18n.dll
0x0000000180000000 - 0x000000018000b000 	C:\MATLAB\R2012b\bin\win64\libmwresource_core.dll
0x0000000072ad0000 - 0x0000000072ba3000 	D:\windows\WinSxS\amd64_microsoft.vc90.crt_1fc8b3b9a1e18e3b_9.0.30729.6161_none_08e61857a83bc251\MSVCP90.dll
0x0000000073170000 - 0x0000000073213000 	D:\windows\WinSxS\amd64_microsoft.vc90.crt_1fc8b3b9a1e18e3b_9.0.30729.6161_none_08e61857a83bc251\MSVCR90.dll
0x000000007a170000 - 0x000000007a19c000 	C:\MATLAB\R2012b\bin\win64\boost_filesystem-vc90-mt-1_44.dll
0x000000007a560000 - 0x000000007a569000 	C:\MATLAB\R2012b\bin\win64\boost_system-vc90-mt-1_44.dll
0x000007fefe880000 - 0x000007fefe95b000 	D:\windows\system32\ADVAPI32.dll
0x000007fefe960000 - 0x000007fefe9ff000 	D:\windows\system32\msvcrt.dll
0x000007fefed50000 - 0x000007fefed6f000 	D:\windows\SYSTEM32\sechost.dll
0x000007feff330000 - 0x000007feff45d000 	D:\windows\system32\RPCRT4.dll
0x000000007a010000 - 0x000000007a035000 	C:\MATLAB\R2012b\bin\win64\LIBEXPAT.dll
0x000000005d4b0000 - 0x000000005d6a1000 	C:\MATLAB\R2012b\bin\win64\icuin44.dll
0x000000005d730000 - 0x000000005d8a1000 	C:\MATLAB\R2012b\bin\win64\icuuc44.dll
0x0000000010000000 - 0x0000000010e41000 	C:\MATLAB\R2012b\bin\win64\icudt44.dll
0x0000000073f70000 - 0x000000007411d000 	C:\MATLAB\R2012b\bin\win64\libmwfl.dll
0x0000000004440000 - 0x00000000047f6000 	C:\MATLAB\R2012b\bin\win64\libmwMATLAB_res.dll
0x000000007a3b0000 - 0x000000007a3c0000 	C:\MATLAB\R2012b\bin\win64\boost_date_time-vc90-mt-1_44.dll
0x000000007a250000 - 0x000000007a263000 	C:\MATLAB\R2012b\bin\win64\boost_signals-vc90-mt-1_44.dll
0x000000007a2d0000 - 0x000000007a2e2000 	C:\MATLAB\R2012b\bin\win64\boost_thread-vc90-mt-1_44.dll
0x00000000041c0000 - 0x000000000427d000 	C:\MATLAB\R2012b\bin\win64\boost_log-vc90-mt-1_44.dll
0x00000000773a0000 - 0x00000000773a7000 	D:\windows\system32\PSAPI.DLL
0x000007fefecd0000 - 0x000007fefed1d000 	D:\windows\system32\WS2_32.dll
0x000007fefda00000 - 0x000007fefda08000 	D:\windows\system32\NSI.dll
0x0000000004280000 - 0x00000000042c6000 	C:\MATLAB\R2012b\bin\win64\tbb.dll
0x000007feff310000 - 0x000007feff327000 	D:\windows\system32\imagehlp.dll
0x0000000072820000 - 0x0000000072833000 	C:\MATLAB\R2012b\bin\win64\icuio44.dll
0x000007feeb4a0000 - 0x000007feeb5c5000 	D:\windows\system32\dbghelp.dll
0x00000000770d0000 - 0x00000000771ca000 	D:\windows\system32\USER32.dll
0x000007fefebe0000 - 0x000007fefec47000 	D:\windows\system32\GDI32.dll
0x000007fefef80000 - 0x000007fefef8e000 	D:\windows\system32\LPK.dll
0x000007fefee10000 - 0x000007fefeed9000 	D:\windows\system32\USP10.dll
0x0000000004800000 - 0x0000000004adc000 	C:\MATLAB\R2012b\bin\win64\libmwservices.dll
0x0000000075a20000 - 0x0000000075af3000 	C:\MATLAB\R2012b\bin\win64\libmx.dll
0x00000000042f0000 - 0x0000000004319000 	C:\MATLAB\R2012b\bin\win64\tbbmalloc.dll
0x000000007a210000 - 0x000000007a228000 	C:\MATLAB\R2012b\bin\win64\zlib1.dll
0x0000000004ae0000 - 0x0000000004b2d000 	C:\MATLAB\R2012b\bin\win64\libmwregexp.dll
0x0000000004b40000 - 0x0000000004b63000 	C:\MATLAB\R2012b\bin\win64\libmwmfl_scalar.dll
0x0000000075f10000 - 0x0000000075f60000 	C:\MATLAB\R2012b\bin\win64\mpath.dll
0x000000007b680000 - 0x000000007bc9a000 	C:\MATLAB\R2012b\bin\win64\mlutil.dll
0x00000000754d0000 - 0x0000000075551000 	C:\MATLAB\R2012b\bin\win64\xmlcore.dll
0x0000000004bb0000 - 0x0000000004e03000 	C:\MATLAB\R2012b\bin\win64\xerces-c_2_7.dll
0x0000000004e20000 - 0x0000000004e40000 	C:\MATLAB\R2012b\bin\win64\libmwMATLAB_settings_res.dll
0x0000000004e50000 - 0x0000000004e60000 	C:\MATLAB\R2012b\bin\win64\boost_iostreams-vc90-mt-1_44.dll
0x0000000004e70000 - 0x0000000004eb7000 	C:\MATLAB\R2012b\bin\win64\boost_serialization-vc90-mt-1_44.dll
0x000007fefdaf0000 - 0x000007fefe878000 	D:\windows\system32\SHELL32.dll
0x000007fefec50000 - 0x000007fefecc1000 	D:\windows\system32\SHLWAPI.dll
0x000007feea040000 - 0x000007feea0e0000 	D:\windows\WinSxS\amd64_microsoft.windows.common-controls_6595b64144ccf1df_5.82.7601.17514_none_a4d6a923711520a9\COMCTL32.dll
0x000007fefeee0000 - 0x000007fefef77000 	D:\windows\system32\COMDLG32.dll
0x000007fefa820000 - 0x000007fefa836000 	D:\windows\system32\NETAPI32.dll
0x000007fefa810000 - 0x000007fefa81c000 	D:\windows\system32\netutils.dll
0x000007fefd260000 - 0x000007fefd283000 	D:\windows\system32\srvcli.dll
0x000007fefa7f0000 - 0x000007fefa805000 	D:\windows\system32\wkscli.dll
0x000007fefef90000 - 0x000007feff193000 	D:\windows\system32\ole32.dll
0x000007fefda10000 - 0x000007fefdae7000 	D:\windows\system32\OLEAUT32.dll
0x0000000074970000 - 0x0000000074a31000 	C:\MATLAB\R2012b\bin\win64\mcr.dll
0x0000000075000000 - 0x00000000753e9000 	C:\MATLAB\R2012b\bin\win64\iqm.dll
0x0000000074e80000 - 0x0000000074f38000 	C:\MATLAB\R2012b\bin\win64\m_dispatcher.dll
0x0000000074880000 - 0x000000007496d000 	C:\MATLAB\R2012b\bin\win64\boost_regex-vc90-mt-1_44.dll
0x000007fee8540000 - 0x000007fee8db1000 	C:\MATLAB\R2012b\bin\win64\m_interpreter.dll
0x00000000727f0000 - 0x0000000072817000 	C:\MATLAB\R2012b\bin\win64\libmex.dll
0x000000005d420000 - 0x000000005d4a4000 	C:\MATLAB\R2012b\bin\win64\profiler.dll
0x0000000004f40000 - 0x00000000051aa000 	C:\MATLAB\R2012b\bin\win64\libmwmathutil.dll
0x0000000079f40000 - 0x0000000079f6e000 	C:\MATLAB\R2012b\bin\win64\libmwmathrng.dll
0x00000000051d0000 - 0x00000000051e2000 	C:\MATLAB\R2012b\bin\win64\libmwmfl_rng.dll
0x0000000074c10000 - 0x0000000074cee000 	C:\MATLAB\R2012b\bin\win64\libmwmathcore.dll
0x0000000076160000 - 0x00000000761ca000 	C:\MATLAB\R2012b\bin\win64\libmwspmatrix.dll
0x0000000075ea0000 - 0x0000000075f02000 	C:\MATLAB\R2012b\bin\win64\libmwcholmod.dll
0x000000007a460000 - 0x000000007a46d000 	C:\MATLAB\R2012b\bin\win64\libmwamd.dll
0x000000007a4b0000 - 0x000000007a4bc000 	C:\MATLAB\R2012b\bin\win64\libmwcolamd.dll
0x000000007a290000 - 0x000000007a2a9000 	C:\MATLAB\R2012b\bin\win64\libmwblas.dll
0x000000007a310000 - 0x000000007a321000 	C:\MATLAB\R2012b\bin\win64\libmwbinder.dll
0x000000007a4d0000 - 0x000000007a4dc000 	C:\MATLAB\R2012b\bin\win64\libmwompwrapper.dll
0x0000000005280000 - 0x0000000005305000 	C:\MATLAB\R2012b\bin\win64\libmwlapack.dll
0x0000000072730000 - 0x0000000072751000 	C:\MATLAB\R2012b\bin\win64\m_pcodeio.dll
0x0000000079b10000 - 0x0000000079b77000 	C:\MATLAB\R2012b\bin\win64\m_ir.dll
0x000000005cdb0000 - 0x000000005d420000 	C:\MATLAB\R2012b\bin\win64\m_parser.dll
0x0000000072840000 - 0x000000007285a000 	C:\MATLAB\R2012b\bin\win64\ir_xfmr.dll
0x000007fee93a0000 - 0x000007fee9636000 	C:\MATLAB\R2012b\bin\win64\mcos.dll
0x0000000072710000 - 0x0000000072721000 	C:\MATLAB\R2012b\bin\win64\mtok.dll
0x00000000726d0000 - 0x0000000072701000 	C:\MATLAB\R2012b\bin\win64\m_pcodegen.dll
0x0000000079fb0000 - 0x0000000079fe6000 	C:\MATLAB\R2012b\bin\win64\libmwbridge.dll
0x000000005cce0000 - 0x000000005cda8000 	C:\MATLAB\R2012b\bin\win64\udd.dll
0x000000005cb80000 - 0x000000005ccd2000 	C:\MATLAB\R2012b\bin\win64\libmwgui.dll
0x00000000719b0000 - 0x00000000719c7000 	C:\MATLAB\R2012b\bin\win64\graphics_util.dll
0x000000005c120000 - 0x000000005cb7f000 	C:\MATLAB\R2012b\bin\win64\hg.dll
0x00000000053e0000 - 0x0000000005448000 	C:\MATLAB\R2012b\bin\win64\libmat.dll
0x0000000072d30000 - 0x0000000072f44000 	C:\MATLAB\R2012b\bin\win64\hdf5dll.dll
0x0000000075710000 - 0x00000000757de000 	C:\MATLAB\R2012b\bin\win64\jmi.dll
0x0000000005480000 - 0x000000000548d000 	C:\MATLAB\R2012b\bin\win64\nativejava_services.dll
0x0000000071960000 - 0x00000000719a6000 	C:\MATLAB\R2012b\bin\win64\libmwhardcopy.dll
0x000000005d6c0000 - 0x000000005d723000 	C:\MATLAB\R2012b\bin\win64\libuij.dll
0x000000005beb0000 - 0x000000005c114000 	C:\MATLAB\R2012b\bin\win64\hgdatatypes.dll
0x000000005bd90000 - 0x000000005beaf000 	C:\MATLAB\R2012b\bin\win64\hgutils.dll
0x000000005bcd0000 - 0x000000005bd90000 	C:\MATLAB\R2012b\bin\win64\udd_mi.dll
0x00000000054f0000 - 0x000000000552b000 	C:\MATLAB\R2012b\bin\win64\libmwgbtutils.dll
0x0000000005540000 - 0x000000000555b000 	C:\MATLAB\R2012b\bin\win64\libmwgbt.dll
0x0000000005570000 - 0x0000000005841000 	C:\MATLAB\R2012b\bin\win64\uiw.dll
0x00000000653b0000 - 0x00000000653bf000 	C:\MATLAB\R2012b\bin\win64\uinone.dll
0x0000000005870000 - 0x0000000005899000 	C:\MATLAB\R2012b\bin\win64\libmwnativefiledialogs.dll
0x00000000058b0000 - 0x00000000058b8000 	C:\MATLAB\R2012b\bin\win64\libmwplatform_res.dll
0x000007fef8850000 - 0x000007fef8868000 	D:\windows\system32\MPR.dll
0x00000000572f0000 - 0x00000000577d4000 	D:\windows\WinSxS\amd64_microsoft.vc90.mfc_1fc8b3b9a1e18e3b_9.0.30729.6161_none_044aad0bab1eb146\mfc90.dll
0x000007fefa960000 - 0x000007fefa967000 	D:\windows\system32\MSIMG32.dll
0x000007fef7660000 - 0x000007fef76d1000 	D:\windows\system32\WINSPOOL.DRV
0x000000005bca0000 - 0x000000005bcc2000 	C:\MATLAB\R2012b\bin\win64\mwoles05.DLL
0x000000005bc20000 - 0x000000005bc9d000 	C:\MATLAB\R2012b\bin\win64\comcli.dll
0x00000000716d0000 - 0x00000000716ff000 	D:\windows\WinSxS\amd64_microsoft.vc90.atl_1fc8b3b9a1e18e3b_9.0.30729.6161_none_0a1fd3a3a768b895\ATL90.DLL
0x0000000071950000 - 0x000000007195c000 	C:\MATLAB\R2012b\bin\win64\mlautoregister.dll
0x000007fefed20000 - 0x000007fefed4e000 	D:\windows\system32\IMM32.DLL
0x000007feff200000 - 0x000007feff309000 	D:\windows\system32\MSCTF.dll
0x000007fefc0c0000 - 0x000007fefc116000 	D:\windows\system32\UxTheme.dll
0x000007fefb7c0000 - 0x000007fefb7d8000 	D:\windows\system32\dwmapi.dll
0x0000000071700000 - 0x0000000071709000 	D:\windows\WinSxS\amd64_microsoft.vc90.mfcloc_1fc8b3b9a1e18e3b_9.0.30729.6161_none_01c9581e60cbee58\MFC90CHS.DLL
0x0000000078870000 - 0x0000000078ecd000 	C:\MATLAB\R2012b\sys\java\jre\win64\jre\bin\server\jvm.dll
0x000007fefba60000 - 0x000007fefba9b000 	D:\windows\system32\WINMM.dll
0x000007fefd630000 - 0x000007fefd63f000 	D:\windows\system32\profapi.dll
0x000007fefb510000 - 0x000007fefb525000 	D:\windows\system32\NLAapi.dll
0x000007fef5510000 - 0x000007fef5525000 	D:\windows\system32\napinsp.dll
0x000007fef5930000 - 0x000007fef5949000 	D:\windows\system32\pnrpnsp.dll
0x000007fefcea0000 - 0x000007fefcef5000 	D:\windows\System32\mswsock.dll
0x000007fefcd20000 - 0x000007fefcd7b000 	D:\windows\system32\DNSAPI.dll
0x000007fef77d0000 - 0x000007fef77db000 	D:\windows\System32\winrnr.dll
0x00000000716a0000 - 0x00000000716c6000 	D:\Program Files\Bonjour\mdnsNSP.dll

VM Arguments:
jvm_args: -Xss512k -XX:PermSize=32m -Xms64m -XX:NewRatio=3 -XX:MaxPermSize=128m -Xmx196m -XX:MaxDirectMemorySize=2147400000 -Dsun.java2d.noddraw=true -Dsun.awt.nopixfmt=true -Xshare:off -Xrs -Dsun.awt.disableMixing=true -Djava.library.path=C:\MATLAB\R2012b\bin\win64;C:\MATLAB\R2012b\sys\jxbrowser\win64\lib vfprintf abort -Duser.language=en -Duser.country=US 
java_command: <unknown>
Launcher Type: generic

Environment Variables:
PATH=D:\Program Files (x86)\CollabNet;D:\Program Files (x86)\Embarcadero\RAD Studio\12.0\bin;D:\Users\Public\Documents\RAD Studio\12.0\Bpl;D:\Program Files (x86)\Embarcadero\RAD Studio\12.0\bin64;D:\Users\Public\Documents\RAD Studio\12.0\Bpl\Win64;D:\Program Files\Dell\DW WLAN Card;;D:\Program Files (x86)\AMD APP\bin\x86_64;D:\Program Files (x86)\AMD APP\bin\x86;D:\windows\system32;D:\windows;D:\windows\System32\Wbem;D:\windows\System32\WindowsPowerShell\v1.0\;D:\Program Files (x86)\Intel\OpenCL SDK\2.0\bin\x86;D:\Program Files (x86)\Intel\OpenCL SDK\2.0\bin\x64;D:\Program Files (x86)\ATI Technologies\ATI.ACE\Core-Static;c:\MATLAB\R2012b\runtime\win64;c:\MATLAB\R2012b\bin;D:\Program Files (x86)\Windows Kits\8.1\Windows Performance Toolkit\;D:\Program Files\Microsoft SQL Server\110\Tools\Binn\;C:\Cadence\SPB_16.3\tools\bin;C:\Cadence\SPB_16.3\tools\libutil\bin;C:\Cadence\SPB_16.3\tools\fet\bin;C:\Cadence\SPB_16.3\tools\pcb\bin;C:\Cadence\SPB_16.3\tools\specctra\bin;C:\Cadence\SPB_16.3\tools\PSpice;C:\Cadence\SPB_16.3\tools\PSpice\Library;C:\Cadence\SPB_16.3\tools\Capture;C:\Cadence\SPB_16.3\OpenAccess\bin\win32\opt;C:\altera\13.0sp1\modelsim_ase\win32aloem
USERNAME=ztyam
OS=Windows_NT
PROCESSOR_IDENTIFIER=Intel64 Family 6 Model 42 Stepping 7, GenuineIntel



---------------  S Y S T E M  ---------------

OS: Windows 7 Build 7601 Service Pack 1

CPU:total 4 (8 cores per cpu, 2 threads per core) family 6 model 42 stepping 7, cmov, cx8, fxsr, mmx, sse, sse2, sse3, ssse3, sse4.1, sse4.2, ht

Memory: 4k page, physical 6197520k(2653108k free), swap 12393196k(7663236k free)

vm_info: Java HotSpot(TM) 64-Bit Server VM (14.3-b01) for windows-amd64 JRE (1.6.0_17-b04), built on Oct 11 2009 00:46:08 by "java_re" with MS VC++ 8.0

time: Sun Oct 05 15:10:18 2014
elapsed time: 16020 seconds

